db/src/gen/.hdiconfig
db/src/gen/.hdinamespace
db/src/gen/BookService.AuthorSrv.hdbview
db/src/gen/BookService.BookSrv.hdbview
db/src/gen/CatalogService.Books.hdbview
db/src/gen/EmployeeService.DeptSrv.hdbview
db/src/gen/EmployeeService.EmployeeSrv.hdbview
db/src/gen/data/my-Authors.csv
db/src/gen/data/my-Authors.hdbtabledata
db/src/gen/data/my-Books.csv
db/src/gen/data/my-Books.hdbtabledata
db/src/gen/data/my-Dept.csv
db/src/gen/data/my-Dept.hdbtabledata
db/src/gen/data/my-Employee.csv
db/src/gen/data/my-Employee.hdbtabledata
db/src/gen/data/my.bookshop-Books.csv
db/src/gen/data/my.bookshop-Books.hdbtabledata
db/src/gen/my.Authors.hdbtable
db/src/gen/my.Books.hdbtable
db/src/gen/my.Dept.hdbtable
db/src/gen/my.Employee.hdbtable
db/src/gen/my.bookshop.Books.hdbtable
srv/src/main/resources/edmx/BookService.xml
srv/src/main/resources/edmx/CatalogService.xml
srv/src/main/resources/edmx/EmployeeService.xml
srv/src/main/resources/edmx/csn.json